<?xml version="1.0" encoding="UTF-8"?>
<!-- Generated by org.testng.reporters.JUnitReportReporter -->
<testsuite hostname="Arjun" failures="0" tests="1" name="package3.CreateProductTest" time="0.008" errors="0" timestamp="2024-05-30T10:26:59 IST" skipped="0">
  <testcase classname="package3.CreateProductTest" name="createProduct" time="0.008"/>
  <system-out/>
</testsuite> <!-- package3.CreateProductTest -->
