<?xml version="1.0" encoding="UTF-8"?>
<!-- Generated by org.testng.reporters.JUnitReportReporter -->
<testsuite hostname="Arjun" failures="0" tests="1" name="package2.OrgTest" time="0.001" errors="0" timestamp="2024-05-30T10:26:59 IST" skipped="0">
  <testcase classname="package2.OrgTest" name="modifyOrgTest" time="0.001"/>
  <system-out/>
</testsuite> <!-- package2.OrgTest -->
