<?xml version="1.0" encoding="UTF-8"?>
<!-- Generated by org.testng.reporters.JUnitReportReporter -->
<testsuite hostname="Arjun" failures="0" tests="2" name="package1.CreateContactTest" time="0.002" errors="0" timestamp="2024-05-30T09:25:01 IST" skipped="0">
  <testcase classname="package1.CreateContactTest" name="modityContactTest" time="0.001"/>
  <system-out/>
  <testcase classname="package1.CreateContactTest" name="createContactTest" time="0.001"/>
  <system-out/>
</testsuite> <!-- package1.CreateContactTest -->
